build/app/intermediates/manifest_merge_blame_file/debug/manifest-merger-blame-debug-report.txt
1<?xml version="1.0" encoding="utf-8"?>
2<manifest xmlns:android="http://schemas.android.com/apk/res/android"
3    package="com.ifsp.devoraquiz"
4    android:versionCode="1"
5    android:versionName="1.0.0" >
6
7    <uses-sdk
8        android:minSdkVersion="21"
9        android:targetSdkVersion="31" />
10    <!--
11         Flutter needs it to communicate with the running application
12         to allow setting breakpoints, to provide hot reload, etc.
13    -->
14    <uses-permission android:name="android.permission.INTERNET" />
14-->src\debug\AndroidManifest.xml:6:5-66
14-->src\debug\AndroidManifest.xml:6:22-64
15    <uses-permission android:name="android.permission.ACCESS_NETWORK_STATE" />
15-->[:firebase_analytics] AndroidManifest.xml:7:5-79
15-->[:firebase_analytics] AndroidManifest.xml:7:22-76
16    <uses-permission android:name="android.permission.WAKE_LOCK" /> <!-- Required by older versions of Google Play services to create IID tokens -->
16-->[:firebase_analytics] AndroidManifest.xml:9:5-68
16-->[:firebase_analytics] AndroidManifest.xml:9:22-65
17    <uses-permission android:name="com.google.android.c2dm.permission.RECEIVE" />
17-->[com.google.firebase:firebase-messaging:23.0.4] AndroidManifest.xml:28:5-82
17-->[com.google.firebase:firebase-messaging:23.0.4] AndroidManifest.xml:28:22-79
18    <uses-permission android:name="com.google.android.gms.permission.AD_ID" />
18-->[com.google.android.gms:play-services-measurement-api:21.0.0] AndroidManifest.xml:25:5-79
18-->[com.google.android.gms:play-services-measurement-api:21.0.0] AndroidManifest.xml:25:22-76
19    <uses-permission android:name="com.google.android.finsky.permission.BIND_GET_INSTALL_REFERRER_SERVICE" />
19-->[com.google.android.gms:play-services-measurement:21.0.0] AndroidManifest.xml:26:5-110
19-->[com.google.android.gms:play-services-measurement:21.0.0] AndroidManifest.xml:26:22-107
20
21    <application
22        android:name="android.app.Application"
23        android:appComponentFactory="androidx.core.app.CoreComponentFactory"
23-->[androidx.core:core:1.6.0] AndroidManifest.xml:24:18-86
24        android:debuggable="true"
25        android:icon="@mipmap/ic_launcher"
26        android:label="devoraquiz" >
27        <activity
28            android:name="com.ifsp.devoraquiz.MainActivity"
29            android:configChanges="orientation|keyboardHidden|keyboard|screenSize|smallestScreenSize|locale|layoutDirection|fontScale|screenLayout|density|uiMode"
30            android:exported="true"
31            android:hardwareAccelerated="true"
32            android:launchMode="singleTop"
33            android:theme="@style/LaunchTheme"
34            android:windowSoftInputMode="adjustResize" >
35
36            <!--
37                 Specifies an Android theme to apply to this Activity as soon as
38                 the Android process has started. This theme is visible to the user
39                 while the Flutter UI initializes. After that, this theme continues
40                 to determine the Window background behind the Flutter UI.
41            -->
42            <meta-data
43                android:name="io.flutter.embedding.android.NormalTheme"
44                android:resource="@style/NormalTheme" />
45
46            <intent-filter>
47                <action android:name="android.intent.action.MAIN" />
48
49                <category android:name="android.intent.category.LAUNCHER" />
50            </intent-filter>
51        </activity>
52        <!--
53             Don't delete the meta-data below.
54             This is used by the Flutter tool to generate GeneratedPluginRegistrant.java
55        -->
56        <meta-data
57            android:name="flutterEmbedding"
58            android:value="2" />
59
60        <service
60-->[:firebase_analytics] AndroidManifest.xml:12:9-16:19
61            android:name="com.google.firebase.components.ComponentDiscoveryService"
61-->[:firebase_analytics] AndroidManifest.xml:12:18-89
62            android:directBootAware="true"
62-->[com.google.firebase:firebase-common:20.1.1] AndroidManifest.xml:35:13-43
63            android:exported="false" >
63-->[com.google.firebase:firebase-analytics-ktx:21.0.0] AndroidManifest.xml:10:13-37
64            <meta-data
64-->[:firebase_analytics] AndroidManifest.xml:13:13-15:85
65                android:name="com.google.firebase.components:io.flutter.plugins.firebase.analytics.FlutterFirebaseAppRegistrar"
65-->[:firebase_analytics] AndroidManifest.xml:14:17-128
66                android:value="com.google.firebase.components.ComponentRegistrar" />
66-->[:firebase_analytics] AndroidManifest.xml:15:17-82
67            <meta-data
67-->[:firebase_auth] AndroidManifest.xml:9:13-11:85
68                android:name="com.google.firebase.components:io.flutter.plugins.firebase.auth.FlutterFirebaseAuthRegistrar"
68-->[:firebase_auth] AndroidManifest.xml:10:17-124
69                android:value="com.google.firebase.components.ComponentRegistrar" />
69-->[:firebase_auth] AndroidManifest.xml:11:17-82
70            <meta-data
70-->[:cloud_firestore] AndroidManifest.xml:9:13-11:85
71                android:name="com.google.firebase.components:io.flutter.plugins.firebase.firestore.FlutterFirebaseFirestoreRegistrar"
71-->[:cloud_firestore] AndroidManifest.xml:10:17-134
72                android:value="com.google.firebase.components.ComponentRegistrar" />
72-->[:cloud_firestore] AndroidManifest.xml:11:17-82
73            <meta-data
73-->[:firebase_messaging] AndroidManifest.xml:34:13-36:85
74                android:name="com.google.firebase.components:io.flutter.plugins.firebase.messaging.FlutterFirebaseAppRegistrar"
74-->[:firebase_messaging] AndroidManifest.xml:35:17-128
75                android:value="com.google.firebase.components.ComponentRegistrar" />
75-->[:firebase_messaging] AndroidManifest.xml:36:17-82
76            <meta-data
76-->[:firebase_core] AndroidManifest.xml:9:13-11:85
77                android:name="com.google.firebase.components:io.flutter.plugins.firebase.core.FlutterFirebaseCoreRegistrar"
77-->[:firebase_core] AndroidManifest.xml:10:17-124
78                android:value="com.google.firebase.components.ComponentRegistrar" />
78-->[:firebase_core] AndroidManifest.xml:11:17-82
79            <meta-data
79-->[com.google.firebase:firebase-analytics-ktx:21.0.0] AndroidManifest.xml:11:13-13:85
80                android:name="com.google.firebase.components:com.google.firebase.analytics.ktx.FirebaseAnalyticsKtxRegistrar"
80-->[com.google.firebase:firebase-analytics-ktx:21.0.0] AndroidManifest.xml:12:17-126
81                android:value="com.google.firebase.components.ComponentRegistrar" />
81-->[com.google.firebase:firebase-analytics-ktx:21.0.0] AndroidManifest.xml:13:17-82
82            <meta-data
82-->[com.google.firebase:firebase-common-ktx:20.1.1] AndroidManifest.xml:15:13-17:85
83                android:name="com.google.firebase.components:com.google.firebase.ktx.FirebaseCommonKtxRegistrar"
83-->[com.google.firebase:firebase-common-ktx:20.1.1] AndroidManifest.xml:16:17-113
84                android:value="com.google.firebase.components.ComponentRegistrar" />
84-->[com.google.firebase:firebase-common-ktx:20.1.1] AndroidManifest.xml:17:17-82
85            <meta-data
85-->[com.google.firebase:firebase-messaging:23.0.4] AndroidManifest.xml:55:13-57:85
86                android:name="com.google.firebase.components:com.google.firebase.messaging.FirebaseMessagingRegistrar"
86-->[com.google.firebase:firebase-messaging:23.0.4] AndroidManifest.xml:56:17-119
87                android:value="com.google.firebase.components.ComponentRegistrar" />
87-->[com.google.firebase:firebase-messaging:23.0.4] AndroidManifest.xml:57:17-82
88            <meta-data
88-->[com.google.firebase:firebase-datatransport:18.1.3] AndroidManifest.xml:28:13-30:85
89                android:name="com.google.firebase.components:com.google.firebase.datatransport.TransportRegistrar"
89-->[com.google.firebase:firebase-datatransport:18.1.3] AndroidManifest.xml:29:17-115
90                android:value="com.google.firebase.components.ComponentRegistrar" />
90-->[com.google.firebase:firebase-datatransport:18.1.3] AndroidManifest.xml:30:17-82
91            <meta-data
91-->[com.google.firebase:firebase-auth:21.0.4] AndroidManifest.xml:67:13-69:85
92                android:name="com.google.firebase.components:com.google.firebase.auth.FirebaseAuthRegistrar"
92-->[com.google.firebase:firebase-auth:21.0.4] AndroidManifest.xml:68:17-109
93                android:value="com.google.firebase.components.ComponentRegistrar" />
93-->[com.google.firebase:firebase-auth:21.0.4] AndroidManifest.xml:69:17-82
94            <meta-data
94-->[com.google.firebase:firebase-firestore:24.1.2] AndroidManifest.xml:20:13-22:85
95                android:name="com.google.firebase.components:com.google.firebase.firestore.FirestoreRegistrar"
95-->[com.google.firebase:firebase-firestore:24.1.2] AndroidManifest.xml:21:17-111
96                android:value="com.google.firebase.components.ComponentRegistrar" />
96-->[com.google.firebase:firebase-firestore:24.1.2] AndroidManifest.xml:22:17-82
97            <meta-data
97-->[com.google.android.gms:play-services-measurement-api:21.0.0] AndroidManifest.xml:31:13-33:85
98                android:name="com.google.firebase.components:com.google.firebase.analytics.connector.internal.AnalyticsConnectorRegistrar"
98-->[com.google.android.gms:play-services-measurement-api:21.0.0] AndroidManifest.xml:32:17-139
99                android:value="com.google.firebase.components.ComponentRegistrar" />
99-->[com.google.android.gms:play-services-measurement-api:21.0.0] AndroidManifest.xml:33:17-82
100            <meta-data
100-->[com.google.firebase:firebase-installations:17.0.1] AndroidManifest.xml:18:13-20:85
101                android:name="com.google.firebase.components:com.google.firebase.installations.FirebaseInstallationsRegistrar"
101-->[com.google.firebase:firebase-installations:17.0.1] AndroidManifest.xml:19:17-127
102                android:value="com.google.firebase.components.ComponentRegistrar" />
102-->[com.google.firebase:firebase-installations:17.0.1] AndroidManifest.xml:20:17-82
103        </service>
104        <service
104-->[:firebase_messaging] AndroidManifest.xml:12:9-15:72
105            android:name="io.flutter.plugins.firebase.messaging.FlutterFirebaseMessagingBackgroundService"
105-->[:firebase_messaging] AndroidManifest.xml:13:13-107
106            android:exported="false"
106-->[:firebase_messaging] AndroidManifest.xml:14:13-37
107            android:permission="android.permission.BIND_JOB_SERVICE" />
107-->[:firebase_messaging] AndroidManifest.xml:15:13-69
108        <service
108-->[:firebase_messaging] AndroidManifest.xml:16:9-22:19
109            android:name="io.flutter.plugins.firebase.messaging.FlutterFirebaseMessagingService"
109-->[:firebase_messaging] AndroidManifest.xml:17:13-97
110            android:exported="false" >
110-->[:firebase_messaging] AndroidManifest.xml:18:13-37
111            <intent-filter>
111-->[:firebase_messaging] AndroidManifest.xml:19:13-21:29
112                <action android:name="com.google.firebase.MESSAGING_EVENT" />
112-->[:firebase_messaging] AndroidManifest.xml:20:17-78
112-->[:firebase_messaging] AndroidManifest.xml:20:25-75
113            </intent-filter>
114        </service>
115
116        <receiver
116-->[:firebase_messaging] AndroidManifest.xml:24:9-31:20
117            android:name="io.flutter.plugins.firebase.messaging.FlutterFirebaseMessagingReceiver"
117-->[:firebase_messaging] AndroidManifest.xml:25:13-98
118            android:exported="true"
118-->[:firebase_messaging] AndroidManifest.xml:26:13-36
119            android:permission="com.google.android.c2dm.permission.SEND" >
119-->[:firebase_messaging] AndroidManifest.xml:27:13-73
120            <intent-filter>
120-->[:firebase_messaging] AndroidManifest.xml:28:13-30:29
121                <action android:name="com.google.android.c2dm.intent.RECEIVE" />
121-->[:firebase_messaging] AndroidManifest.xml:29:17-81
121-->[:firebase_messaging] AndroidManifest.xml:29:25-78
122            </intent-filter>
123        </receiver>
124
125        <provider
125-->[:firebase_messaging] AndroidManifest.xml:39:9-43:38
126            android:name="io.flutter.plugins.firebase.messaging.FlutterFirebaseMessagingInitProvider"
126-->[:firebase_messaging] AndroidManifest.xml:40:13-102
127            android:authorities="com.ifsp.devoraquiz.flutterfirebasemessaginginitprovider"
127-->[:firebase_messaging] AndroidManifest.xml:41:13-88
128            android:exported="false"
128-->[:firebase_messaging] AndroidManifest.xml:42:13-37
129            android:initOrder="99" />
129-->[:firebase_messaging] AndroidManifest.xml:43:13-35
130
131        <activity
131-->[:url_launcher_android] AndroidManifest.xml:8:9-11:74
132            android:name="io.flutter.plugins.urllauncher.WebViewActivity"
132-->[:url_launcher_android] AndroidManifest.xml:9:13-74
133            android:exported="false"
133-->[:url_launcher_android] AndroidManifest.xml:10:13-37
134            android:theme="@android:style/Theme.NoTitleBar.Fullscreen" />
134-->[:url_launcher_android] AndroidManifest.xml:11:13-71
135
136        <uses-library
136-->[androidx.window:window:1.0.0-beta04] AndroidManifest.xml:25:9-27:40
137            android:name="androidx.window.extensions"
137-->[androidx.window:window:1.0.0-beta04] AndroidManifest.xml:26:13-54
138            android:required="false" />
138-->[androidx.window:window:1.0.0-beta04] AndroidManifest.xml:27:13-37
139        <uses-library
139-->[androidx.window:window:1.0.0-beta04] AndroidManifest.xml:28:9-30:40
140            android:name="androidx.window.sidecar"
140-->[androidx.window:window:1.0.0-beta04] AndroidManifest.xml:29:13-51
141            android:required="false" />
141-->[androidx.window:window:1.0.0-beta04] AndroidManifest.xml:30:13-37
142
143        <receiver
143-->[com.google.firebase:firebase-messaging:23.0.4] AndroidManifest.xml:31:9-38:20
144            android:name="com.google.firebase.iid.FirebaseInstanceIdReceiver"
144-->[com.google.firebase:firebase-messaging:23.0.4] AndroidManifest.xml:32:13-78
145            android:exported="true"
145-->[com.google.firebase:firebase-messaging:23.0.4] AndroidManifest.xml:33:13-36
146            android:permission="com.google.android.c2dm.permission.SEND" >
146-->[com.google.firebase:firebase-messaging:23.0.4] AndroidManifest.xml:34:13-73
147            <intent-filter>
147-->[:firebase_messaging] AndroidManifest.xml:28:13-30:29
148                <action android:name="com.google.android.c2dm.intent.RECEIVE" />
148-->[:firebase_messaging] AndroidManifest.xml:29:17-81
148-->[:firebase_messaging] AndroidManifest.xml:29:25-78
149            </intent-filter>
150        </receiver>
151        <!--
152             FirebaseMessagingService performs security checks at runtime,
153             but set to not exported to explicitly avoid allowing another app to call it.
154        -->
155        <service
155-->[com.google.firebase:firebase-messaging:23.0.4] AndroidManifest.xml:44:9-51:19
156            android:name="com.google.firebase.messaging.FirebaseMessagingService"
156-->[com.google.firebase:firebase-messaging:23.0.4] AndroidManifest.xml:45:13-82
157            android:directBootAware="true"
157-->[com.google.firebase:firebase-messaging:23.0.4] AndroidManifest.xml:46:13-43
158            android:exported="false" >
158-->[com.google.firebase:firebase-messaging:23.0.4] AndroidManifest.xml:47:13-37
159            <intent-filter android:priority="-500" >
159-->[:firebase_messaging] AndroidManifest.xml:19:13-21:29
160                <action android:name="com.google.firebase.MESSAGING_EVENT" />
160-->[:firebase_messaging] AndroidManifest.xml:20:17-78
160-->[:firebase_messaging] AndroidManifest.xml:20:25-75
161            </intent-filter>
162        </service>
163        <service
163-->[com.google.android.datatransport:transport-backend-cct:3.1.4] AndroidManifest.xml:29:9-35:19
164            android:name="com.google.android.datatransport.runtime.backends.TransportBackendDiscovery"
164-->[com.google.android.datatransport:transport-backend-cct:3.1.4] AndroidManifest.xml:30:13-103
165            android:exported="false" >
165-->[com.google.android.datatransport:transport-backend-cct:3.1.4] AndroidManifest.xml:31:13-37
166            <meta-data
166-->[com.google.android.datatransport:transport-backend-cct:3.1.4] AndroidManifest.xml:32:13-34:39
167                android:name="backend:com.google.android.datatransport.cct.CctBackendFactory"
167-->[com.google.android.datatransport:transport-backend-cct:3.1.4] AndroidManifest.xml:33:17-94
168                android:value="cct" />
168-->[com.google.android.datatransport:transport-backend-cct:3.1.4] AndroidManifest.xml:34:17-36
169        </service>
170        <service
170-->[com.google.android.datatransport:transport-runtime:3.1.4] AndroidManifest.xml:26:9-30:19
171            android:name="com.google.android.datatransport.runtime.scheduling.jobscheduling.JobInfoSchedulerService"
171-->[com.google.android.datatransport:transport-runtime:3.1.4] AndroidManifest.xml:27:13-117
172            android:exported="false"
172-->[com.google.android.datatransport:transport-runtime:3.1.4] AndroidManifest.xml:28:13-37
173            android:permission="android.permission.BIND_JOB_SERVICE" >
173-->[com.google.android.datatransport:transport-runtime:3.1.4] AndroidManifest.xml:29:13-69
174        </service>
175
176        <receiver
176-->[com.google.android.datatransport:transport-runtime:3.1.4] AndroidManifest.xml:32:9-34:40
177            android:name="com.google.android.datatransport.runtime.scheduling.jobscheduling.AlarmManagerSchedulerBroadcastReceiver"
177-->[com.google.android.datatransport:transport-runtime:3.1.4] AndroidManifest.xml:33:13-132
178            android:exported="false" />
178-->[com.google.android.datatransport:transport-runtime:3.1.4] AndroidManifest.xml:34:13-37
179
180        <activity
180-->[com.google.firebase:firebase-auth:21.0.4] AndroidManifest.xml:27:9-44:20
181            android:name="com.google.firebase.auth.internal.GenericIdpActivity"
181-->[com.google.firebase:firebase-auth:21.0.4] AndroidManifest.xml:28:13-80
182            android:excludeFromRecents="true"
182-->[com.google.firebase:firebase-auth:21.0.4] AndroidManifest.xml:29:13-46
183            android:exported="true"
183-->[com.google.firebase:firebase-auth:21.0.4] AndroidManifest.xml:30:13-36
184            android:launchMode="singleTask"
184-->[com.google.firebase:firebase-auth:21.0.4] AndroidManifest.xml:31:13-44
185            android:theme="@android:style/Theme.Translucent.NoTitleBar" >
185-->[com.google.firebase:firebase-auth:21.0.4] AndroidManifest.xml:32:13-72
186            <intent-filter>
186-->[com.google.firebase:firebase-auth:21.0.4] AndroidManifest.xml:33:13-43:29
187                <action android:name="android.intent.action.VIEW" />
187-->[com.google.firebase:firebase-auth:21.0.4] AndroidManifest.xml:34:17-69
187-->[com.google.firebase:firebase-auth:21.0.4] AndroidManifest.xml:34:25-66
188
189                <category android:name="android.intent.category.DEFAULT" />
189-->[com.google.firebase:firebase-auth:21.0.4] AndroidManifest.xml:36:17-76
189-->[com.google.firebase:firebase-auth:21.0.4] AndroidManifest.xml:36:27-73
190                <category android:name="android.intent.category.BROWSABLE" />
190-->[com.google.firebase:firebase-auth:21.0.4] AndroidManifest.xml:37:17-78
190-->[com.google.firebase:firebase-auth:21.0.4] AndroidManifest.xml:37:27-75
191
192                <data
192-->[com.google.firebase:firebase-auth:21.0.4] AndroidManifest.xml:39:17-42:51
193                    android:host="firebase.auth"
193-->[com.google.firebase:firebase-auth:21.0.4] AndroidManifest.xml:40:21-49
194                    android:path="/"
194-->[com.google.firebase:firebase-auth:21.0.4] AndroidManifest.xml:41:21-37
195                    android:scheme="genericidp" />
195-->[com.google.firebase:firebase-auth:21.0.4] AndroidManifest.xml:42:21-48
196            </intent-filter>
197        </activity>
198        <activity
198-->[com.google.firebase:firebase-auth:21.0.4] AndroidManifest.xml:45:9-62:20
199            android:name="com.google.firebase.auth.internal.RecaptchaActivity"
199-->[com.google.firebase:firebase-auth:21.0.4] AndroidManifest.xml:46:13-79
200            android:excludeFromRecents="true"
200-->[com.google.firebase:firebase-auth:21.0.4] AndroidManifest.xml:47:13-46
201            android:exported="true"
201-->[com.google.firebase:firebase-auth:21.0.4] AndroidManifest.xml:48:13-36
202            android:launchMode="singleTask"
202-->[com.google.firebase:firebase-auth:21.0.4] AndroidManifest.xml:49:13-44
203            android:theme="@android:style/Theme.Translucent.NoTitleBar" >
203-->[com.google.firebase:firebase-auth:21.0.4] AndroidManifest.xml:50:13-72
204            <intent-filter>
204-->[com.google.firebase:firebase-auth:21.0.4] AndroidManifest.xml:51:13-61:29
205                <action android:name="android.intent.action.VIEW" />
205-->[com.google.firebase:firebase-auth:21.0.4] AndroidManifest.xml:34:17-69
205-->[com.google.firebase:firebase-auth:21.0.4] AndroidManifest.xml:34:25-66
206
207                <category android:name="android.intent.category.DEFAULT" />
207-->[com.google.firebase:firebase-auth:21.0.4] AndroidManifest.xml:36:17-76
207-->[com.google.firebase:firebase-auth:21.0.4] AndroidManifest.xml:36:27-73
208                <category android:name="android.intent.category.BROWSABLE" />
208-->[com.google.firebase:firebase-auth:21.0.4] AndroidManifest.xml:37:17-78
208-->[com.google.firebase:firebase-auth:21.0.4] AndroidManifest.xml:37:27-75
209
210                <data
210-->[com.google.firebase:firebase-auth:21.0.4] AndroidManifest.xml:39:17-42:51
211                    android:host="firebase.auth"
211-->[com.google.firebase:firebase-auth:21.0.4] AndroidManifest.xml:40:21-49
212                    android:path="/"
212-->[com.google.firebase:firebase-auth:21.0.4] AndroidManifest.xml:41:21-37
213                    android:scheme="recaptcha" />
213-->[com.google.firebase:firebase-auth:21.0.4] AndroidManifest.xml:42:21-48
214            </intent-filter>
215        </activity>
216
217        <provider
217-->[com.google.firebase:firebase-common:20.1.1] AndroidManifest.xml:26:9-31:39
218            android:name="com.google.firebase.provider.FirebaseInitProvider"
218-->[com.google.firebase:firebase-common:20.1.1] AndroidManifest.xml:27:13-77
219            android:authorities="com.ifsp.devoraquiz.firebaseinitprovider"
219-->[com.google.firebase:firebase-common:20.1.1] AndroidManifest.xml:28:13-72
220            android:directBootAware="true"
220-->[com.google.firebase:firebase-common:20.1.1] AndroidManifest.xml:29:13-43
221            android:exported="false"
221-->[com.google.firebase:firebase-common:20.1.1] AndroidManifest.xml:30:13-37
222            android:initOrder="100" />
222-->[com.google.firebase:firebase-common:20.1.1] AndroidManifest.xml:31:13-36
223
224        <receiver
224-->[com.google.android.gms:play-services-measurement:21.0.0] AndroidManifest.xml:29:9-33:20
225            android:name="com.google.android.gms.measurement.AppMeasurementReceiver"
225-->[com.google.android.gms:play-services-measurement:21.0.0] AndroidManifest.xml:30:13-85
226            android:enabled="true"
226-->[com.google.android.gms:play-services-measurement:21.0.0] AndroidManifest.xml:31:13-35
227            android:exported="false" >
227-->[com.google.android.gms:play-services-measurement:21.0.0] AndroidManifest.xml:32:13-37
228        </receiver>
229
230        <service
230-->[com.google.android.gms:play-services-measurement:21.0.0] AndroidManifest.xml:35:9-38:40
231            android:name="com.google.android.gms.measurement.AppMeasurementService"
231-->[com.google.android.gms:play-services-measurement:21.0.0] AndroidManifest.xml:36:13-84
232            android:enabled="true"
232-->[com.google.android.gms:play-services-measurement:21.0.0] AndroidManifest.xml:37:13-35
233            android:exported="false" />
233-->[com.google.android.gms:play-services-measurement:21.0.0] AndroidManifest.xml:38:13-37
234        <service
234-->[com.google.android.gms:play-services-measurement:21.0.0] AndroidManifest.xml:39:9-43:72
235            android:name="com.google.android.gms.measurement.AppMeasurementJobService"
235-->[com.google.android.gms:play-services-measurement:21.0.0] AndroidManifest.xml:40:13-87
236            android:enabled="true"
236-->[com.google.android.gms:play-services-measurement:21.0.0] AndroidManifest.xml:41:13-35
237            android:exported="false"
237-->[com.google.android.gms:play-services-measurement:21.0.0] AndroidManifest.xml:42:13-37
238            android:permission="android.permission.BIND_JOB_SERVICE" />
238-->[com.google.android.gms:play-services-measurement:21.0.0] AndroidManifest.xml:43:13-69
239
240        <activity
240-->[com.google.android.gms:play-services-auth:20.0.1] AndroidManifest.xml:23:9-27:75
241            android:name="com.google.android.gms.auth.api.signin.internal.SignInHubActivity"
241-->[com.google.android.gms:play-services-auth:20.0.1] AndroidManifest.xml:24:13-93
242            android:excludeFromRecents="true"
242-->[com.google.android.gms:play-services-auth:20.0.1] AndroidManifest.xml:25:13-46
243            android:exported="false"
243-->[com.google.android.gms:play-services-auth:20.0.1] AndroidManifest.xml:26:13-37
244            android:theme="@android:style/Theme.Translucent.NoTitleBar" />
244-->[com.google.android.gms:play-services-auth:20.0.1] AndroidManifest.xml:27:13-72
245        <!--
246            Service handling Google Sign-In user revocation. For apps that do not integrate with
247            Google Sign-In, this service will never be started.
248        -->
249        <service
249-->[com.google.android.gms:play-services-auth:20.0.1] AndroidManifest.xml:33:9-37:51
250            android:name="com.google.android.gms.auth.api.signin.RevocationBoundService"
250-->[com.google.android.gms:play-services-auth:20.0.1] AndroidManifest.xml:34:13-89
251            android:exported="true"
251-->[com.google.android.gms:play-services-auth:20.0.1] AndroidManifest.xml:35:13-36
252            android:permission="com.google.android.gms.auth.api.signin.permission.REVOCATION_NOTIFICATION"
252-->[com.google.android.gms:play-services-auth:20.0.1] AndroidManifest.xml:36:13-107
253            android:visibleToInstantApps="true" />
253-->[com.google.android.gms:play-services-auth:20.0.1] AndroidManifest.xml:37:13-48
254
255        <activity
255-->[com.google.android.gms:play-services-base:18.0.1] AndroidManifest.xml:20:9-22:45
256            android:name="com.google.android.gms.common.api.GoogleApiActivity"
256-->[com.google.android.gms:play-services-base:18.0.1] AndroidManifest.xml:20:19-85
257            android:exported="false"
257-->[com.google.android.gms:play-services-base:18.0.1] AndroidManifest.xml:22:19-43
258            android:theme="@android:style/Theme.Translucent.NoTitleBar" />
258-->[com.google.android.gms:play-services-base:18.0.1] AndroidManifest.xml:21:19-78
259
260        <meta-data
260-->[com.google.android.gms:play-services-basement:18.0.0] AndroidManifest.xml:21:9-23:69
261            android:name="com.google.android.gms.version"
261-->[com.google.android.gms:play-services-basement:18.0.0] AndroidManifest.xml:22:13-58
262            android:value="@integer/google_play_services_version" />
262-->[com.google.android.gms:play-services-basement:18.0.0] AndroidManifest.xml:23:13-66
263    </application>
264
265</manifest>